<?xml version="1.0" encoding="UTF-8"?>
<!-- Generated by org.testng.reporters.JUnitReportReporter -->
<testsuite hostname="LAPTOP-09JIFLKR" failures="0" tests="6" name="testcases.PetStoreAPI_PetTest" time="0.617" errors="0" timestamp="2022-08-02T03:16:15 AST" skipped="0">
  <testcase classname="testcases.PetStoreAPI_PetTest" name="findPetsByAnyStatus" time="0.012"/>
  <system-out/>
  <testcase classname="testcases.PetStoreAPI_PetTest" name="findPetsByAnyStatus" time="0.528"/>
  <system-out/>
  <testcase classname="testcases.PetStoreAPI_PetTest" name="findPetsByAnyStatus" time="0.015"/>
  <system-out/>
  <testcase classname="testcases.PetStoreAPI_PetTest" name="addNewPetToStore" time="0.028"/>
  <system-out/>
  <testcase classname="testcases.PetStoreAPI_PetTest" name="tryToSearchPetByInvalidStatus" time="0.016"/>
  <system-out/>
  <testcase classname="testcases.PetStoreAPI_PetTest" name="deletePetFromStore" time="0.018"/>
  <system-out/>
</testsuite> <!-- testcases.PetStoreAPI_PetTest -->
